09:39:24 INFO  : Registering command handlers for SDK TCF services
09:39:27 INFO  : Launching XSCT server: xsct -n -interactive /home/killian/Bureau/Atise/Sandbox/design-16b_2CLK_3SENSORS/design_mars/Vdo/MarsZX3_EB1.sdk/temp_xsdb_launch_script.tcl
09:39:32 INFO  : XSCT server has started successfully.
09:39:32 INFO  : Successfully done setting XSCT server connection channel  
09:39:51 INFO  : Successfully done setting SDK workspace  
09:39:51 INFO  : Processing command line option -hwspec /home/killian/Bureau/Atise/Sandbox/design-16b_2CLK_3SENSORS/design_mars/Vdo/MarsZX3_EB1.sdk/system_top.hdf.
09:48:29 INFO  : Connected to target on host '127.0.0.1' and port '3121'.
09:48:30 INFO  : 'targets -set -filter {jtag_cable_name =~ "Digilent JTAG-SMT1 210203862029A" && level==0} -index 1' command is executed.
09:48:33 INFO  : FPGA configured successfully with bitstream "/home/killian/Bureau/Atise/Sandbox/design-16b_2CLK_3SENSORS/design_mars/Vdo/MarsZX3_EB1.sdk/system_top_hw_platform_0/system_top.bit"
09:48:53 INFO  : 'targets -set -filter {jtag_cable_name =~ "Digilent JTAG-SMT1 210203862029A" && level==0} -index 1' command is executed.
09:48:53 INFO  : 'fpga -state' command is executed.
09:48:53 INFO  : Connected to target on host '127.0.0.1' and port '3121'.
09:48:53 INFO  : Jtag cable 'Digilent JTAG-SMT1 210203862029A' is selected.
09:48:53 INFO  : 'jtag frequency' command is executed.
09:48:53 INFO  : Sourcing of '/home/killian/Bureau/Atise/Sandbox/design-16b_2CLK_3SENSORS/design_mars/Vdo/MarsZX3_EB1.sdk/system_top_hw_platform_0/ps7_init.tcl' is done.
09:48:53 INFO  : Context for 'APU' is selected.
09:48:53 INFO  : Hardware design information is loaded from '/home/killian/Bureau/Atise/Sandbox/design-16b_2CLK_3SENSORS/design_mars/Vdo/MarsZX3_EB1.sdk/system_top_hw_platform_0/system.hdf'.
09:48:53 INFO  : 'configparams force-mem-access 1' command is executed.
09:48:53 INFO  : Context for 'APU' is selected.
09:48:53 INFO  : 'stop' command is executed.
09:48:54 INFO  : 'ps7_init' command is executed.
09:48:54 INFO  : 'ps7_post_config' command is executed.
09:48:54 INFO  : Context for processor 'ps7_cortexa9_0' is selected.
09:48:54 INFO  : Processor reset is completed for 'ps7_cortexa9_0'.
09:48:54 INFO  : Context for processor 'ps7_cortexa9_0' is selected.
09:48:54 INFO  : The application '/home/killian/Bureau/Atise/Sandbox/design-16b_2CLK_3SENSORS/design_mars/Vdo/MarsZX3_EB1.sdk/adaptation/Debug/adaptation.elf' is downloaded to processor 'ps7_cortexa9_0'.
09:48:54 INFO  : 'configparams force-mem-access 0' command is executed.
09:48:54 INFO  : ----------------XSDB Script----------------
connect -url tcp:127.0.0.1:3121
source /home/killian/Bureau/Atise/Sandbox/design-16b_2CLK_3SENSORS/design_mars/Vdo/MarsZX3_EB1.sdk/system_top_hw_platform_0/ps7_init.tcl
targets -set -nocase -filter {name =~"APU*" && jtag_cable_name =~ "Digilent JTAG-SMT1 210203862029A"} -index 0
loadhw -hw /home/killian/Bureau/Atise/Sandbox/design-16b_2CLK_3SENSORS/design_mars/Vdo/MarsZX3_EB1.sdk/system_top_hw_platform_0/system.hdf -mem-ranges [list {0x40000000 0xbfffffff}]
configparams force-mem-access 1
targets -set -nocase -filter {name =~"APU*" && jtag_cable_name =~ "Digilent JTAG-SMT1 210203862029A"} -index 0
stop
ps7_init
ps7_post_config
targets -set -nocase -filter {name =~ "ARM*#0" && jtag_cable_name =~ "Digilent JTAG-SMT1 210203862029A"} -index 0
rst -processor
targets -set -nocase -filter {name =~ "ARM*#0" && jtag_cable_name =~ "Digilent JTAG-SMT1 210203862029A"} -index 0
dow /home/killian/Bureau/Atise/Sandbox/design-16b_2CLK_3SENSORS/design_mars/Vdo/MarsZX3_EB1.sdk/adaptation/Debug/adaptation.elf
configparams force-mem-access 0
----------------End of Script----------------

09:48:54 INFO  : Memory regions updated for context APU
09:48:54 INFO  : Context for processor 'ps7_cortexa9_0' is selected.
09:48:54 INFO  : 'con' command is executed.
09:48:54 INFO  : ----------------XSDB Script (After Launch)----------------
targets -set -nocase -filter {name =~ "ARM*#0" && jtag_cable_name =~ "Digilent JTAG-SMT1 210203862029A"} -index 0
con
----------------End of Script----------------

09:48:54 INFO  : Launch script is exported to file '/home/killian/Bureau/Atise/Sandbox/design-16b_2CLK_3SENSORS/design_mars/Vdo/MarsZX3_EB1.sdk/.sdk/launch_scripts/xilinx_c-c++_application_(system_debugger)/system_debugger_using_debug_adaptation.elf_on_local.tcl'
09:49:31 INFO  : Disconnected from the channel tcfchan#1.
09:50:41 INFO  : 'targets -set -filter {jtag_cable_name =~ "Digilent JTAG-SMT1 210203862029A" && level==0} -index 1' command is executed.
09:50:41 INFO  : 'fpga -state' command is executed.
09:50:41 INFO  : Connected to target on host '127.0.0.1' and port '3121'.
09:50:41 INFO  : Jtag cable 'Digilent JTAG-SMT1 210203862029A' is selected.
09:50:41 INFO  : 'jtag frequency' command is executed.
09:50:41 INFO  : Sourcing of '/home/killian/Bureau/Atise/Sandbox/design-16b_2CLK_3SENSORS/design_mars/Vdo/MarsZX3_EB1.sdk/system_top_hw_platform_0/ps7_init.tcl' is done.
09:50:41 INFO  : Context for 'APU' is selected.
09:50:45 INFO  : Hardware design information is loaded from '/home/killian/Bureau/Atise/Sandbox/design-16b_2CLK_3SENSORS/design_mars/Vdo/MarsZX3_EB1.sdk/system_top_hw_platform_0/system.hdf'.
09:50:45 INFO  : 'configparams force-mem-access 1' command is executed.
09:50:45 INFO  : Context for 'APU' is selected.
09:50:45 INFO  : 'stop' command is executed.
09:50:46 INFO  : 'ps7_init' command is executed.
09:50:46 INFO  : 'ps7_post_config' command is executed.
09:50:46 INFO  : Context for processor 'ps7_cortexa9_0' is selected.
09:50:46 INFO  : Processor reset is completed for 'ps7_cortexa9_0'.
09:50:46 INFO  : Context for processor 'ps7_cortexa9_0' is selected.
09:50:46 INFO  : The application '/home/killian/Bureau/Atise/Sandbox/design-16b_2CLK_3SENSORS/design_mars/Vdo/MarsZX3_EB1.sdk/adaptation/Debug/adaptation.elf' is downloaded to processor 'ps7_cortexa9_0'.
09:50:46 INFO  : 'configparams force-mem-access 0' command is executed.
09:50:46 INFO  : ----------------XSDB Script----------------
connect -url tcp:127.0.0.1:3121
source /home/killian/Bureau/Atise/Sandbox/design-16b_2CLK_3SENSORS/design_mars/Vdo/MarsZX3_EB1.sdk/system_top_hw_platform_0/ps7_init.tcl
targets -set -nocase -filter {name =~"APU*" && jtag_cable_name =~ "Digilent JTAG-SMT1 210203862029A"} -index 0
loadhw -hw /home/killian/Bureau/Atise/Sandbox/design-16b_2CLK_3SENSORS/design_mars/Vdo/MarsZX3_EB1.sdk/system_top_hw_platform_0/system.hdf -mem-ranges [list {0x40000000 0xbfffffff}]
configparams force-mem-access 1
targets -set -nocase -filter {name =~"APU*" && jtag_cable_name =~ "Digilent JTAG-SMT1 210203862029A"} -index 0
stop
ps7_init
ps7_post_config
targets -set -nocase -filter {name =~ "ARM*#0" && jtag_cable_name =~ "Digilent JTAG-SMT1 210203862029A"} -index 0
rst -processor
targets -set -nocase -filter {name =~ "ARM*#0" && jtag_cable_name =~ "Digilent JTAG-SMT1 210203862029A"} -index 0
dow /home/killian/Bureau/Atise/Sandbox/design-16b_2CLK_3SENSORS/design_mars/Vdo/MarsZX3_EB1.sdk/adaptation/Debug/adaptation.elf
configparams force-mem-access 0
----------------End of Script----------------

09:50:46 INFO  : Memory regions updated for context APU
09:50:46 INFO  : Context for processor 'ps7_cortexa9_0' is selected.
09:50:46 INFO  : 'con' command is executed.
09:50:46 INFO  : ----------------XSDB Script (After Launch)----------------
targets -set -nocase -filter {name =~ "ARM*#0" && jtag_cable_name =~ "Digilent JTAG-SMT1 210203862029A"} -index 0
con
----------------End of Script----------------

09:50:46 INFO  : Launch script is exported to file '/home/killian/Bureau/Atise/Sandbox/design-16b_2CLK_3SENSORS/design_mars/Vdo/MarsZX3_EB1.sdk/.sdk/launch_scripts/xilinx_c-c++_application_(system_debugger)/system_debugger_using_debug_adaptation.elf_on_local.tcl'
09:53:00 INFO  : Disconnected from the channel tcfchan#2.
09:57:21 INFO  : 'targets -set -filter {jtag_cable_name =~ "Digilent JTAG-SMT1 210203862029A" && level==0} -index 1' command is executed.
09:57:21 INFO  : 'fpga -state' command is executed.
09:57:21 INFO  : Connected to target on host '127.0.0.1' and port '3121'.
09:57:22 INFO  : Jtag cable 'Digilent JTAG-SMT1 210203862029A' is selected.
09:57:22 INFO  : 'jtag frequency' command is executed.
09:57:22 INFO  : Sourcing of '/home/killian/Bureau/Atise/Sandbox/design-16b_2CLK_3SENSORS/design_mars/Vdo/MarsZX3_EB1.sdk/system_top_hw_platform_0/ps7_init.tcl' is done.
09:57:22 INFO  : Context for 'APU' is selected.
09:57:22 INFO  : Hardware design information is loaded from '/home/killian/Bureau/Atise/Sandbox/design-16b_2CLK_3SENSORS/design_mars/Vdo/MarsZX3_EB1.sdk/system_top_hw_platform_0/system.hdf'.
09:57:22 INFO  : 'configparams force-mem-access 1' command is executed.
09:57:22 INFO  : Context for 'APU' is selected.
09:57:22 INFO  : 'stop' command is executed.
09:57:22 INFO  : 'ps7_init' command is executed.
09:57:22 INFO  : 'ps7_post_config' command is executed.
09:57:22 INFO  : Context for processor 'ps7_cortexa9_0' is selected.
09:57:22 INFO  : Processor reset is completed for 'ps7_cortexa9_0'.
09:57:22 INFO  : Context for processor 'ps7_cortexa9_0' is selected.
09:57:22 INFO  : The application '/home/killian/Bureau/Atise/Sandbox/design-16b_2CLK_3SENSORS/design_mars/Vdo/MarsZX3_EB1.sdk/adaptation/Debug/adaptation.elf' is downloaded to processor 'ps7_cortexa9_0'.
09:57:22 INFO  : 'configparams force-mem-access 0' command is executed.
09:57:22 INFO  : ----------------XSDB Script----------------
connect -url tcp:127.0.0.1:3121
source /home/killian/Bureau/Atise/Sandbox/design-16b_2CLK_3SENSORS/design_mars/Vdo/MarsZX3_EB1.sdk/system_top_hw_platform_0/ps7_init.tcl
targets -set -nocase -filter {name =~"APU*" && jtag_cable_name =~ "Digilent JTAG-SMT1 210203862029A"} -index 0
loadhw -hw /home/killian/Bureau/Atise/Sandbox/design-16b_2CLK_3SENSORS/design_mars/Vdo/MarsZX3_EB1.sdk/system_top_hw_platform_0/system.hdf -mem-ranges [list {0x40000000 0xbfffffff}]
configparams force-mem-access 1
targets -set -nocase -filter {name =~"APU*" && jtag_cable_name =~ "Digilent JTAG-SMT1 210203862029A"} -index 0
stop
ps7_init
ps7_post_config
targets -set -nocase -filter {name =~ "ARM*#0" && jtag_cable_name =~ "Digilent JTAG-SMT1 210203862029A"} -index 0
rst -processor
targets -set -nocase -filter {name =~ "ARM*#0" && jtag_cable_name =~ "Digilent JTAG-SMT1 210203862029A"} -index 0
dow /home/killian/Bureau/Atise/Sandbox/design-16b_2CLK_3SENSORS/design_mars/Vdo/MarsZX3_EB1.sdk/adaptation/Debug/adaptation.elf
configparams force-mem-access 0
----------------End of Script----------------

09:57:22 INFO  : Memory regions updated for context APU
09:57:23 INFO  : Context for processor 'ps7_cortexa9_0' is selected.
09:57:23 INFO  : 'con' command is executed.
09:57:23 INFO  : ----------------XSDB Script (After Launch)----------------
targets -set -nocase -filter {name =~ "ARM*#0" && jtag_cable_name =~ "Digilent JTAG-SMT1 210203862029A"} -index 0
con
----------------End of Script----------------

09:57:23 INFO  : Launch script is exported to file '/home/killian/Bureau/Atise/Sandbox/design-16b_2CLK_3SENSORS/design_mars/Vdo/MarsZX3_EB1.sdk/.sdk/launch_scripts/xilinx_c-c++_application_(system_debugger)/system_debugger_using_debug_adaptation.elf_on_local.tcl'
09:58:24 INFO  : Disconnected from the channel tcfchan#3.
